1
A2T5V1N26F38UV
approved A2T5V1N26F38UV
1
A1U541JYC2CCJK
Bonus A1U541JYC2CCJK
1
A15TIACFL54NA8
approved A15TIACFL54NA8
1
A250MET8DJSJNM
Bonus A250MET8DJSJNM
1
A1M7RRHMZDU2GT
Bonus A1M7RRHMZDU2GT
1
A37Q6EKTGNNS7K
Bonus A37Q6EKTGNNS7K
1
AE5KJQ0I02Z04
Bonus AE5KJQ0I02Z04
1
A6GXPQ4IYO56Z
Bonus A6GXPQ4IYO56Z
1
A3OC3Y7QO8L6X9
Bonus A3OC3Y7QO8L6X9
1
AB1RPZP82Q93T
approved AB1RPZP82Q93T
1
A1GZ0L3RONUSCA
Bonus A1GZ0L3RONUSCA
1
A39RBPNXAIQYDM
approved A39RBPNXAIQYDM
1
A2HZTNIPESRD8P
Bonus A2HZTNIPESRD8P
1
A39YHCB5JGIF8Q
Bonus A39YHCB5JGIF8Q
1
A3W1ZGPJP0IATN
approved A3W1ZGPJP0IATN
1
AR6GWL8O4CR6I
Bonus AR6GWL8O4CR6I
